Using pre-set license
Built from '2021.1/release' branch; Version is '2021.1.16f1 (5fa502fca597) revision 6268162'; Using compiler version '192528614'; Build Type 'Release'
OS: 'Windows 10 Home; OS build 19042.1237; Version 2009; 64bit' Language: 'es' Physical Memory: 16341 MB
BatchMode: 1, IsHumanControllingUs: 0, StartBugReporterOnCrash: 0, Is64bit: 1, IsPro: 0

 COMMAND LINE ARGUMENTS:
C:\Program Files\Unity\Hub\Editor\2021.1.16f1\Editor\Unity.exe
-adb2
-batchMode
-noUpm
-name
AssetImportWorker1
-projectPath
E:/Evaluación Odaclick/Evaluaci-n-Odaclick/My project
-logFile
Logs/AssetImportWorker1.log
-srvPort
60688
Successfully changed project path to: E:/Evaluación Odaclick/Evaluaci-n-Odaclick/My project
E:/Evaluación Odaclick/Evaluaci-n-Odaclick/My project
Using Asset Import Pipeline V2.
Refreshing native plugins compatible for Editor in 84.25 ms, found 3 plugins.
Preloading 0 native plugins for Editor in 0.00 ms.
Initialize engine version: 2021.1.16f1 (5fa502fca597)
[Subsystems] Discovering subsystems at path C:/Program Files/Unity/Hub/Editor/2021.1.16f1/Editor/Data/Resources/UnitySubsystems
[Subsystems] Discovering subsystems at path E:/Evaluación Odaclick/Evaluaci-n-Odaclick/My project/Assets
GfxDevice: creating device client; threaded=0; jobified=0
Direct3D:
    Version:  Direct3D 11.0 [level 11.1]
    Renderer: NVIDIA GeForce GTX 1060 6GB (ID=0x1c03)
    Vendor:   NVIDIA
    VRAM:     6052 MB
    Driver:   30.0.14.7196
Initialize mono
Mono path[0] = 'C:/Program Files/Unity/Hub/Editor/2021.1.16f1/Editor/Data/Managed'
Mono path[1] = 'C:/Program Files/Unity/Hub/Editor/2021.1.16f1/Editor/Data/MonoBleedingEdge/lib/mono/unityjit'
Mono config path = 'C:/Program Files/Unity/Hub/Editor/2021.1.16f1/Editor/Data/MonoBleedingEdge/etc'
Using monoOptions --debugger-agent=transport=dt_socket,embedding=1,server=y,suspend=n,address=127.0.0.1:56652
Begin MonoManager ReloadAssembly
Registering precompiled unity dll's ...
Register platform support module: C:/Program Files/Unity/Hub/Editor/2021.1.16f1/Editor/Data/PlaybackEngines/WindowsStandaloneSupport/UnityEditor.WindowsStandalone.Extensions.dll
Registered in 0.002146 seconds.
Native extension for WindowsStandalone target not found
Refreshing native plugins compatible for Editor in 90.65 ms, found 3 plugins.
Preloading 0 native plugins for Editor in 0.00 ms.
Mono: successfully reloaded assembly
- Completed reload, in  2.152 seconds
Domain Reload Profiling:
	ReloadAssembly (2152ms)
		BeginReloadAssembly (74ms)
			ExecutionOrderSort (0ms)
			DisableScriptedObjects (0ms)
			BackupInstance (0ms)
			ReleaseScriptingObjects (0ms)
			CreateAndSetChildDomain (1ms)
		EndReloadAssembly (723ms)
			LoadAssemblies (71ms)
			RebuildTransferFunctionScriptingTraits (0ms)
			SetupTypeCache (368ms)
			ReleaseScriptCaches (0ms)
			RebuildScriptCaches (35ms)
			SetupLoadedEditorAssemblies (266ms)
				LogAssemblyErrors (0ms)
				InitializePlatformSupportModulesInManaged (6ms)
				SetLoadedEditorAssemblies (0ms)
				RefreshPlugins (91ms)
				BeforeProcessingInitializeOnLoad (1ms)
				ProcessInitializeOnLoadAttributes (130ms)
				ProcessInitializeOnLoadMethodAttributes (37ms)
				AfterProcessingInitializeOnLoad (0ms)
				EditorAssembliesLoaded (0ms)
			ExecutionOrderSort2 (0ms)
			AwakeInstancesAfterBackupRestoration (0ms)
Platform modules already initialized, skipping
Registering precompiled user dll's ...
Registered in 0.005176 seconds.
Begin MonoManager ReloadAssembly
Symbol file LoadedFromMemory doesn't match image E:\Evaluación Odaclick\Evaluaci-n-Odaclick\My project\Library\PackageCache\com.unity.visualscripting@1.6.1\Editor\VisualScripting.Core\Dependencies\YamlDotNet\Unity.VisualScripting.YamlDotNet.dll
Symbol file LoadedFromMemory doesn't match image E:\Evaluación Odaclick\Evaluaci-n-Odaclick\My project\Library\PackageCache\com.unity.visualscripting@1.6.1\Editor\VisualScripting.Core\Dependencies\DotNetZip\Unity.VisualScripting.IonicZip.dll
Native extension for WindowsStandalone target not found
Refreshing native plugins compatible for Editor in 0.71 ms, found 3 plugins.
Preloading 0 native plugins for Editor in 0.00 ms.
Mono: successfully reloaded assembly
- Completed reload, in  1.509 seconds
Domain Reload Profiling:
	ReloadAssembly (1509ms)
		BeginReloadAssembly (179ms)
			ExecutionOrderSort (0ms)
			DisableScriptedObjects (5ms)
			BackupInstance (0ms)
			ReleaseScriptingObjects (0ms)
			CreateAndSetChildDomain (23ms)
		EndReloadAssembly (1252ms)
			LoadAssemblies (112ms)
			RebuildTransferFunctionScriptingTraits (0ms)
			SetupTypeCache (471ms)
			ReleaseScriptCaches (0ms)
			RebuildScriptCaches (50ms)
			SetupLoadedEditorAssemblies (518ms)
				LogAssemblyErrors (0ms)
				InitializePlatformSupportModulesInManaged (5ms)
				SetLoadedEditorAssemblies (1ms)
				RefreshPlugins (1ms)
				BeforeProcessingInitializeOnLoad (72ms)
				ProcessInitializeOnLoadAttributes (426ms)
				ProcessInitializeOnLoadMethodAttributes (5ms)
				AfterProcessingInitializeOnLoad (9ms)
				EditorAssembliesLoaded (0ms)
			ExecutionOrderSort2 (0ms)
			AwakeInstancesAfterBackupRestoration (7ms)
Platform modules already initialized, skipping
========================================================================
Worker process is ready to serve import requests
Launched and connected shader compiler UnityShaderCompiler.exe after 0.19 seconds
Refreshing native plugins compatible for Editor in 0.78 ms, found 3 plugins.
Preloading 0 native plugins for Editor in 0.00 ms.
Unloading 2974 Unused Serialized files (Serialized files now loaded: 0)
System memory in use before: 108.6 MB.
System memory in use after: 108.8 MB.

Unloading 23 unused Assets to reduce memory usage. Loaded Objects now: 3420.
Total: 4.458000 ms (FindLiveObjects: 0.194700 ms CreateObjectMapping: 0.153900 ms MarkObjects: 3.997800 ms  DeleteObjects: 0.110500 ms)

AssetImportParameters requested are different than current active one (requested -> active):
  custom:framework-win-MediaFoundation: 216162199b28c13a410421893ffa2e32 -> 
  custom:video-decoder-ogg-theora: a1e56fd34408186e4bbccfd4996cb3dc -> 
  custom:container-muxer-webm: aa71ff27fc2769a1b78a27578f13a17b -> 
  custom:container-demuxer-webm: 4f35f7cbe854078d1ac9338744f61a02 -> 
  custom:container-demuxer-ogg: 62fdf1f143b41e24485cea50d1cbac27 -> 
  custom:video-encoder-webm-vp8: eb34c28f22e8b96e1ab97ce403110664 -> 
  custom:video-decoder-webm-vp8: 9c59270c3fd7afecdb556c50c9e8de78 -> 
  custom:audio-decoder-ogg-vorbis: bf7c407c2cedff20999df2af8eb42d56 -> 
  custom:audio-encoder-webm-vorbis: bf7c407c2cedff20999df2af8eb42d56 -> 
========================================================================
Received Import Request.
  path: Assets/Sound/Metal Hit.mp3
  artifactKey: Guid(e19c3f2448ffbee4791ce60e5841251d) Importer(815301076,1909f56bfc062723c751e8b465ee728b)
Start importing Assets/Sound/Metal Hit.mp3 using Guid(e19c3f2448ffbee4791ce60e5841251d) Importer(815301076,1909f56bfc062723c751e8b465ee728b)  -> (artifact id: 'b37e1058b4ce79f868c4b7e750cc1308') in 0.172608 seconds 
========================================================================
Received Import Request.
  Time since last request: 0.000314 seconds.
  path: Assets/Sound/Crate.mp3
  artifactKey: Guid(94a29d3c442daf3439b12841657c7178) Importer(815301076,1909f56bfc062723c751e8b465ee728b)
Start importing Assets/Sound/Crate.mp3 using Guid(94a29d3c442daf3439b12841657c7178) Importer(815301076,1909f56bfc062723c751e8b465ee728b)  -> (artifact id: '3b83c740d8c51ebad3a661d4a923825d') in 0.015067 seconds 
========================================================================
Received Import Request.
  Time since last request: 0.000263 seconds.
  path: Assets/Sound/Break.mp3
  artifactKey: Guid(f269dee52d5bb0d4691a25f749f37356) Importer(815301076,1909f56bfc062723c751e8b465ee728b)
Start importing Assets/Sound/Break.mp3 using Guid(f269dee52d5bb0d4691a25f749f37356) Importer(815301076,1909f56bfc062723c751e8b465ee728b)  -> (artifact id: '8df8b0a0c101d0a9cb66f8ae3bd37da3') in 0.018191 seconds 
========================================================================
Received Prepare
Registering precompiled user dll's ...
Registered in 0.005562 seconds.
Begin MonoManager ReloadAssembly
Symbol file LoadedFromMemory doesn't match image E:\Evaluación Odaclick\Evaluaci-n-Odaclick\My project\Library\PackageCache\com.unity.visualscripting@1.6.1\Editor\VisualScripting.Core\Dependencies\YamlDotNet\Unity.VisualScripting.YamlDotNet.dll
Symbol file LoadedFromMemory doesn't match image E:\Evaluación Odaclick\Evaluaci-n-Odaclick\My project\Library\PackageCache\com.unity.visualscripting@1.6.1\Editor\VisualScripting.Core\Dependencies\DotNetZip\Unity.VisualScripting.IonicZip.dll
Native extension for WindowsStandalone target not found
Refreshing native plugins compatible for Editor in 0.72 ms, found 3 plugins.
Preloading 0 native plugins for Editor in 0.00 ms.
Mono: successfully reloaded assembly
- Completed reload, in  1.298 seconds
Domain Reload Profiling:
	ReloadAssembly (1299ms)
		BeginReloadAssembly (139ms)
			ExecutionOrderSort (0ms)
			DisableScriptedObjects (5ms)
			BackupInstance (0ms)
			ReleaseScriptingObjects (0ms)
			CreateAndSetChildDomain (44ms)
		EndReloadAssembly (1078ms)
			LoadAssemblies (105ms)
			RebuildTransferFunctionScriptingTraits (0ms)
			SetupTypeCache (404ms)
			ReleaseScriptCaches (1ms)
			RebuildScriptCaches (45ms)
			SetupLoadedEditorAssemblies (418ms)
				LogAssemblyErrors (0ms)
				InitializePlatformSupportModulesInManaged (5ms)
				SetLoadedEditorAssemblies (0ms)
				RefreshPlugins (1ms)
				BeforeProcessingInitializeOnLoad (54ms)
				ProcessInitializeOnLoadAttributes (344ms)
				ProcessInitializeOnLoadMethodAttributes (6ms)
				AfterProcessingInitializeOnLoad (9ms)
				EditorAssembliesLoaded (0ms)
			ExecutionOrderSort2 (0ms)
			AwakeInstancesAfterBackupRestoration (8ms)
Platform modules already initialized, skipping
Refreshing native plugins compatible for Editor in 0.57 ms, found 3 plugins.
Preloading 0 native plugins for Editor in 0.00 ms.
Unloading 2956 Unused Serialized files (Serialized files now loaded: 0)
System memory in use before: 111.0 MB.
System memory in use after: 111.2 MB.

Unloading 18 unused Assets to reduce memory usage. Loaded Objects now: 3432.
Total: 4.388100 ms (FindLiveObjects: 0.250100 ms CreateObjectMapping: 0.124400 ms MarkObjects: 3.953600 ms  DeleteObjects: 0.058700 ms)

AssetImportParameters requested are different than current active one (requested -> active):
  custom:framework-win-MediaFoundation: 216162199b28c13a410421893ffa2e32 -> 
  custom:video-decoder-ogg-theora: a1e56fd34408186e4bbccfd4996cb3dc -> 
  custom:container-muxer-webm: aa71ff27fc2769a1b78a27578f13a17b -> 
  custom:container-demuxer-webm: 4f35f7cbe854078d1ac9338744f61a02 -> 
  custom:container-demuxer-ogg: 62fdf1f143b41e24485cea50d1cbac27 -> 
  custom:video-encoder-webm-vp8: eb34c28f22e8b96e1ab97ce403110664 -> 
  custom:video-decoder-webm-vp8: 9c59270c3fd7afecdb556c50c9e8de78 -> 
  custom:audio-decoder-ogg-vorbis: bf7c407c2cedff20999df2af8eb42d56 -> 
  custom:audio-encoder-webm-vorbis: bf7c407c2cedff20999df2af8eb42d56 -> 
========================================================================
Received Import Request.
  Time since last request: 380.560388 seconds.
  path: Assets/Sound/Break.mp3
  artifactKey: Guid(f269dee52d5bb0d4691a25f749f37356) Importer(815301076,1909f56bfc062723c751e8b465ee728b)
Start importing Assets/Sound/Break.mp3 using Guid(f269dee52d5bb0d4691a25f749f37356) Importer(815301076,1909f56bfc062723c751e8b465ee728b)  -> (artifact id: 'a86353d7ace4e32cdcd6a6e36e4e768e') in 0.061776 seconds 
========================================================================
Received Import Request.
  Time since last request: 0.000309 seconds.
  path: Assets/Sound/Metal Hit.mp3
  artifactKey: Guid(e19c3f2448ffbee4791ce60e5841251d) Importer(815301076,1909f56bfc062723c751e8b465ee728b)
Start importing Assets/Sound/Metal Hit.mp3 using Guid(e19c3f2448ffbee4791ce60e5841251d) Importer(815301076,1909f56bfc062723c751e8b465ee728b)  -> (artifact id: '6ab31a1f09ec06bc6395a3a2a4b087be') in 0.014286 seconds 
========================================================================
Received Import Request.
  Time since last request: 0.000289 seconds.
  path: Assets/Sound/Target.mp3
  artifactKey: Guid(b8ce6998b016e94478e1485e7ffd9ec0) Importer(815301076,1909f56bfc062723c751e8b465ee728b)
Start importing Assets/Sound/Target.mp3 using Guid(b8ce6998b016e94478e1485e7ffd9ec0) Importer(815301076,1909f56bfc062723c751e8b465ee728b)  -> (artifact id: '71e9f480702171b84f726fcc21ae5e5e') in 0.011542 seconds 
========================================================================
Received Import Request.
  Time since last request: 0.000352 seconds.
  path: Assets/Sound/Coin.mp3
  artifactKey: Guid(413c583b93f015441aabe3390dfb14ee) Importer(815301076,1909f56bfc062723c751e8b465ee728b)
Start importing Assets/Sound/Coin.mp3 using Guid(413c583b93f015441aabe3390dfb14ee) Importer(815301076,1909f56bfc062723c751e8b465ee728b)  -> (artifact id: 'f9a912c9fd89a639ad6f89306cce10b9') in 0.014826 seconds 
========================================================================
Received Import Request.
  Time since last request: 0.000260 seconds.
  path: Assets/Sound/Crate.mp3
  artifactKey: Guid(94a29d3c442daf3439b12841657c7178) Importer(815301076,1909f56bfc062723c751e8b465ee728b)
Start importing Assets/Sound/Crate.mp3 using Guid(94a29d3c442daf3439b12841657c7178) Importer(815301076,1909f56bfc062723c751e8b465ee728b)  -> (artifact id: 'e3dd27b06877ab6b2d2cb89b38724b1e') in 0.013657 seconds 
========================================================================
Received Import Request.
  Time since last request: 1.785256 seconds.
  path: Assets/Prefabs/Items/Target.prefab
  artifactKey: Guid(8bee5d9f8b2c9d549a2f03b079ee9e24) Importer(815301076,1909f56bfc062723c751e8b465ee728b)
Start importing Assets/Prefabs/Items/Target.prefab using Guid(8bee5d9f8b2c9d549a2f03b079ee9e24) Importer(815301076,1909f56bfc062723c751e8b465ee728b)  -> (artifact id: 'fd551f89d6ca702089057205fb6ace11') in 0.037216 seconds 
